INFO 2025-08-25 11:26:31,666 autoreload 7 140306310146944 Watching for file changes with StatReloader
INFO 2025-08-25 11:26:35,069 autoreload 7 140306310146944 /app/mark_foot_backend/settings.py changed, reloading.
INFO 2025-08-25 11:26:35,781 autoreload 9 140055789964160 Watching for file changes with StatReloader
INFO 2025-08-25 11:28:18,790 autoreload 7 139932621323136 Watching for file changes with StatReloader
INFO 2025-08-25 11:34:38,783 autoreload 7 140173510122368 Watching for file changes with StatReloader
INFO 2025-08-25 11:35:03,557 football_data_client 9 139674399804288 API Request: competitions - Status: 200 - Time: 1437ms
INFO 2025-08-25 11:35:32,998 football_data_client 15 139849105038208 API Request: competitions - Status: 200 - Time: 1442ms
INFO 2025-08-25 11:35:33,421 football_data_client 15 139849105038208 API Request: competitions/BSA - Status: 200 - Time: 264ms
INFO 2025-08-25 11:39:46,260 football_data_client 33 140013171661696 API Request: competitions/BSA/teams - Status: 200 - Time: 2287ms
INFO 2025-08-25 11:40:55,203 football_data_client 39 139938633055104 API Request: competitions/BSA/teams - Status: 200 - Time: 1959ms
INFO 2025-08-25 11:43:39,366 football_data_client 45 140241807911808 API Request: competitions/BSA/teams - Status: 200 - Time: 1950ms
INFO 2025-08-25 11:43:40,466 football_data_client 45 140241807911808 API Request: competitions/BSA/matches - Status: 200 - Time: 946ms
INFO 2025-08-25 11:43:40,749 football_data_client 45 140241807911808 API Request: competitions/BSA/standings - Status: 200 - Time: 266ms
INFO 2025-08-25 11:44:39,957 football_data_client 51 140066995727232 API Request: competitions/BSA/teams - Status: 200 - Time: 2176ms
INFO 2025-08-25 11:44:41,031 football_data_client 51 140066995727232 API Request: competitions/BSA/matches - Status: 200 - Time: 943ms
INFO 2025-08-25 11:44:41,370 football_data_client 51 140066995727232 API Request: competitions/BSA/standings - Status: 200 - Time: 286ms
INFO 2025-08-25 11:45:14,641 football_data_client 63 139910570433408 API Request: competitions/PL/teams - Status: 200 - Time: 2007ms
INFO 2025-08-25 11:45:15,890 football_data_client 63 139910570433408 API Request: competitions/PL/matches - Status: 200 - Time: 1111ms
INFO 2025-08-25 11:45:16,253 football_data_client 63 139910570433408 API Request: competitions/PL/standings - Status: 200 - Time: 278ms
INFO 2025-08-25 12:01:38,519 autoreload 7 140173510122368 /app/mark_foot_backend/__init__.py changed, reloading.
INFO 2025-08-25 12:13:09,044 autoreload 7 140677301574528 Watching for file changes with StatReloader
INFO 2025-08-25 12:15:20,796 autoreload 7 140677301574528 /app/mark_foot_backend/celery.py changed, reloading.
INFO 2025-08-25 12:15:30,123 autoreload 7 139707007134592 Watching for file changes with StatReloader
INFO 2025-08-25 12:15:44,966 autoreload 7 139707007134592 /app/mark_foot_backend/celery.py changed, reloading.
INFO 2025-08-25 12:15:45,908 autoreload 9 140401393961856 Watching for file changes with StatReloader
INFO 2025-08-25 12:27:15,730 autoreload 9 140401393961856 /app/mark_foot_backend/settings.py changed, reloading.
INFO 2025-08-25 12:27:16,687 autoreload 41 140694475074432 Watching for file changes with StatReloader
INFO 2025-08-25 12:27:54,266 autoreload 41 140694475074432 /app/mark_foot_backend/settings.py changed, reloading.
INFO 2025-08-25 12:27:55,180 autoreload 43 139964716534656 Watching for file changes with StatReloader
INFO 2025-08-25 12:31:31,140 football_data_client 8 139753603812224 API Request: competitions/PL/standings - Status: 200 - Time: 2252ms
INFO 2025-08-25 14:31:30,343 autoreload 43 139964716534656 /app/core/models.py changed, reloading.
INFO 2025-08-25 14:31:31,711 autoreload 94 140357974870912 Watching for file changes with StatReloader
INFO 2025-08-25 14:33:17,573 autoreload 94 140357974870912 /app/core/models.py changed, reloading.
INFO 2025-08-25 14:33:18,965 autoreload 96 140694292433792 Watching for file changes with StatReloader
INFO 2025-08-25 14:53:08,525 thesportsdb_client 110 140502310730624 🧪 Testing TheSportsDB API connection...
INFO 2025-08-25 14:53:08,525 thesportsdb_client 110 140502310730624 🔗 TheSportsDB Request: searchplayers.php?p=Lionel%20Messi
INFO 2025-08-25 14:53:09,204 thesportsdb_client 110 140502310730624 📊 TheSportsDB Response: 200 - Time: 678ms
INFO 2025-08-25 14:53:09,205 thesportsdb_client 110 140502310730624 ✅ Found 5 players for 'Lionel Messi'
INFO 2025-08-25 14:53:09,205 thesportsdb_client 110 140502310730624 ✅ TheSportsDB API connection successful!
INFO 2025-08-25 14:53:21,343 player_collector 116 139667967060864 🔍 Searching players for: 'Cristiano Ronaldo'
INFO 2025-08-25 14:53:21,343 thesportsdb_client 116 139667967060864 🔗 TheSportsDB Request: searchplayers.php?p=Cristiano%20Ronaldo
INFO 2025-08-25 14:53:22,049 thesportsdb_client 116 139667967060864 📊 TheSportsDB Response: 200 - Time: 705ms
INFO 2025-08-25 14:53:22,050 thesportsdb_client 116 139667967060864 ✅ Found 5 players for 'Cristiano Ronaldo'
WARNING 2025-08-25 14:53:22,062 player_collector 116 139667967060864 No matching team found for: 'Al Nassr FC'
INFO 2025-08-25 14:53:22,071 player_collector 116 139667967060864 ✅ Created player: Cristiano Ronaldo
WARNING 2025-08-25 14:53:22,073 player_collector 116 139667967060864 No matching team found for: 'Torino'
INFO 2025-08-25 14:53:22,076 player_collector 116 139667967060864 ✅ Created player: Cristiano Biraghi
WARNING 2025-08-25 14:53:22,078 player_collector 116 139667967060864 No matching team found for: 'Associação Académica de Coimbra'
ERROR 2025-08-25 14:53:22,078 player_collector 116 139667967060864 ❌ Error processing player: 'NoneType' object has no attribute 'strip'
WARNING 2025-08-25 14:53:22,081 player_collector 116 139667967060864 No matching team found for: '_Retired Soccer'
ERROR 2025-08-25 14:53:22,081 player_collector 116 139667967060864 ❌ Error processing player: 'NoneType' object has no attribute 'strip'
WARNING 2025-08-25 14:53:22,083 player_collector 116 139667967060864 No matching team found for: 'Magdeburg'
INFO 2025-08-25 14:53:22,086 player_collector 116 139667967060864 ✅ Created player: Cristiano Piccini
INFO 2025-08-25 14:53:22,097 player_collector 116 139667967060864 ✅ Player search completed: {'processed': 5, 'created': 3, 'updated': 0, 'failed': 2, 'skipped': 0}
INFO 2025-08-25 14:54:58,322 autoreload 96 140694292433792 /app/mark_foot_backend/celery.py changed, reloading.
INFO 2025-08-25 14:54:59,305 autoreload 134 140043249949568 Watching for file changes with StatReloader
INFO 2025-08-25 14:55:31,754 autoreload 134 140043249949568 /app/mark_foot_backend/celery.py changed, reloading.
INFO 2025-08-25 14:55:32,677 autoreload 136 140043822480256 Watching for file changes with StatReloader
INFO 2025-08-25 14:58:29,716 player_tasks 14 140513926306688 ⭐ Starting popular players sync: 15 players
INFO 2025-08-25 14:59:10,922 player_collector 156 139760799161216 🔍 Searching players for: 'Messi'
INFO 2025-08-25 14:59:10,923 thesportsdb_client 156 139760799161216 🔗 TheSportsDB Request: searchplayers.php?p=Messi
INFO 2025-08-25 14:59:11,606 thesportsdb_client 156 139760799161216 📊 TheSportsDB Response: 200 - Time: 682ms
INFO 2025-08-25 14:59:11,606 thesportsdb_client 156 139760799161216 ✅ Found 5 players for 'Messi'
WARNING 2025-08-25 14:59:11,615 player_collector 156 139760799161216 No matching team found for: 'Inter Miami'
INFO 2025-08-25 14:59:11,622 player_collector 156 139760799161216 ✅ Created player: Lionel Messi
WARNING 2025-08-25 14:59:11,624 player_collector 156 139760799161216 No matching team found for: 'Genoa'
INFO 2025-08-25 14:59:11,626 player_collector 156 139760799161216 ✅ Created player: Junior Messias
WARNING 2025-08-25 14:59:11,629 player_collector 156 139760799161216 No matching team found for: 'Portimonense'
ERROR 2025-08-25 14:59:11,629 player_collector 156 139760799161216 ❌ Error processing player: 'NoneType' object has no attribute 'strip'
WARNING 2025-08-25 14:59:11,632 player_collector 156 139760799161216 No matching team found for: 'Olimpia Milano'
INFO 2025-08-25 14:59:11,634 player_collector 156 139760799161216 ✅ Created player: Ettore Messina
INFO 2025-08-25 14:59:11,638 player_collector 156 139760799161216 ✅ Created player: Manoel Messias Silva Carvalho
INFO 2025-08-25 14:59:11,650 player_collector 156 139760799161216 ✅ Player search completed: {'processed': 5, 'created': 4, 'updated': 0, 'failed': 1, 'skipped': 0}
ERROR 2025-08-25 15:10:18,412 player_collector 198 140483878128512 ❌ Error collecting transfers for player 34194266: Cannot resolve keyword 'source' into field. Choices are: age, created_at, cutout_url, date_of_birth, description, external_id, gender, height, id, last_sync, name, nationality, photo_url, position, position_category, short_name, statistics, status, team, team_id, transfers, updated_at, wage, weight
INFO 2025-08-25 15:11:36,435 thesportsdb_client 204 139843498503040 🔗 TheSportsDB Request: lookuptransfers.php?id=34194266
ERROR 2025-08-25 15:11:36,435 thesportsdb_client 204 139843498503040 ❌ Unexpected error in TheSportsDB request: name 'params' is not defined
WARNING 2025-08-25 15:11:36,435 thesportsdb_client 204 139843498503040 ⚠️ No transfers found for player 34194266
INFO 2025-08-25 15:11:36,436 player_collector 204 139843498503040 No transfer data available for player Ettore Messina
INFO 2025-08-25 15:12:50,045 thesportsdb_client 210 140591671061376 🔗 TheSportsDB Request: lookuptransfers.php?id=34194266
INFO 2025-08-25 15:12:50,724 thesportsdb_client 210 140591671061376 📊 TheSportsDB Response: 404 - Time: 678ms
ERROR 2025-08-25 15:12:50,724 thesportsdb_client 210 140591671061376 ❌ TheSportsDB API Error: 404 Client Error: Not Found for url: https://www.thesportsdb.com/api/v1/json/3/lookuptransfers.php?id=34194266
WARNING 2025-08-25 15:12:50,724 thesportsdb_client 210 140591671061376 ⚠️ No transfers found for player 34194266
INFO 2025-08-25 15:12:50,725 player_collector 210 140591671061376 No transfer data available for player Ettore Messina
INFO 2025-08-25 15:13:09,146 player_collector 216 139920477072256 🔄 Starting comprehensive data collection for player 34194266
INFO 2025-08-25 15:13:10,153 thesportsdb_client 216 139920477072256 🔗 TheSportsDB Request: lookuptransfers.php?id=34194266
INFO 2025-08-25 15:13:10,836 thesportsdb_client 216 139920477072256 📊 TheSportsDB Response: 404 - Time: 682ms
ERROR 2025-08-25 15:13:10,836 thesportsdb_client 216 139920477072256 ❌ TheSportsDB API Error: 404 Client Error: Not Found for url: https://www.thesportsdb.com/api/v1/json/3/lookuptransfers.php?id=34194266
WARNING 2025-08-25 15:13:10,837 thesportsdb_client 216 139920477072256 ⚠️ No transfers found for player 34194266
INFO 2025-08-25 15:13:10,837 player_collector 216 139920477072256 No transfer data available for player Ettore Messina
INFO 2025-08-25 15:13:11,839 thesportsdb_client 216 139920477072256 🔗 TheSportsDB Request: lookupstats.php?id=34194266
INFO 2025-08-25 15:13:12,084 thesportsdb_client 216 139920477072256 📊 TheSportsDB Response: 404 - Time: 245ms
ERROR 2025-08-25 15:13:12,085 thesportsdb_client 216 139920477072256 ❌ TheSportsDB API Error: 404 Client Error: Not Found for url: https://www.thesportsdb.com/api/v1/json/3/lookupstats.php?id=34194266
WARNING 2025-08-25 15:13:12,085 thesportsdb_client 216 139920477072256 ⚠️ No stats found for player 34194266
INFO 2025-08-25 15:13:12,085 player_collector 216 139920477072256 No statistics data available for player Ettore Messina
INFO 2025-08-25 15:13:13,086 thesportsdb_client 216 139920477072256 🔗 TheSportsDB Request: lookupcareer.php?id=34194266
INFO 2025-08-25 15:13:13,332 thesportsdb_client 216 139920477072256 📊 TheSportsDB Response: 404 - Time: 245ms
ERROR 2025-08-25 15:13:13,332 thesportsdb_client 216 139920477072256 ❌ TheSportsDB API Error: 404 Client Error: Not Found for url: https://www.thesportsdb.com/api/v1/json/3/lookupcareer.php?id=34194266
WARNING 2025-08-25 15:13:13,332 thesportsdb_client 216 139920477072256 ⚠️ No career data found for player 34194266
INFO 2025-08-25 15:13:13,333 player_collector 216 139920477072256 ✅ Comprehensive collection completed for player 34194266
INFO 2025-08-25 15:13:36,709 player_collector 228 139629618477952 🔄 Starting comprehensive data collection for player 34146304
INFO 2025-08-25 15:13:37,716 thesportsdb_client 228 139629618477952 🔗 TheSportsDB Request: lookuptransfers.php?id=34146304
INFO 2025-08-25 15:13:38,410 thesportsdb_client 228 139629618477952 📊 TheSportsDB Response: 404 - Time: 693ms
ERROR 2025-08-25 15:13:38,410 thesportsdb_client 228 139629618477952 ❌ TheSportsDB API Error: 404 Client Error: Not Found for url: https://www.thesportsdb.com/api/v1/json/3/lookuptransfers.php?id=34146304
WARNING 2025-08-25 15:13:38,411 thesportsdb_client 228 139629618477952 ⚠️ No transfers found for player 34146304
INFO 2025-08-25 15:13:38,411 player_collector 228 139629618477952 No transfer data available for player Cristiano Ronaldo
INFO 2025-08-25 15:13:39,413 thesportsdb_client 228 139629618477952 🔗 TheSportsDB Request: lookupstats.php?id=34146304
INFO 2025-08-25 15:13:39,658 thesportsdb_client 228 139629618477952 📊 TheSportsDB Response: 404 - Time: 244ms
ERROR 2025-08-25 15:13:39,658 thesportsdb_client 228 139629618477952 ❌ TheSportsDB API Error: 404 Client Error: Not Found for url: https://www.thesportsdb.com/api/v1/json/3/lookupstats.php?id=34146304
WARNING 2025-08-25 15:13:39,659 thesportsdb_client 228 139629618477952 ⚠️ No stats found for player 34146304
INFO 2025-08-25 15:13:39,659 player_collector 228 139629618477952 No statistics data available for player Cristiano Ronaldo
INFO 2025-08-25 15:13:40,659 thesportsdb_client 228 139629618477952 🔗 TheSportsDB Request: lookupcareer.php?id=34146304
INFO 2025-08-25 15:13:40,884 thesportsdb_client 228 139629618477952 📊 TheSportsDB Response: 404 - Time: 224ms
ERROR 2025-08-25 15:13:40,885 thesportsdb_client 228 139629618477952 ❌ TheSportsDB API Error: 404 Client Error: Not Found for url: https://www.thesportsdb.com/api/v1/json/3/lookupcareer.php?id=34146304
WARNING 2025-08-25 15:13:40,885 thesportsdb_client 228 139629618477952 ⚠️ No career data found for player 34146304
INFO 2025-08-25 15:13:40,885 player_collector 228 139629618477952 ✅ Comprehensive collection completed for player 34146304
INFO 2025-08-25 15:33:34,354 autoreload 136 140043822480256 /app/mark_foot_backend/settings.py changed, reloading.
INFO 2025-08-25 15:33:35,352 autoreload 298 140488063863680 Watching for file changes with StatReloader
INFO 2025-08-25 15:33:46,129 autoreload 298 140488063863680 /app/mark_foot_backend/settings.py changed, reloading.
INFO 2025-08-25 15:33:47,138 autoreload 300 140594303568768 Watching for file changes with StatReloader
INFO 2025-08-25 15:33:55,844 autoreload 300 140594303568768 /app/mark_foot_backend/settings.py changed, reloading.
INFO 2025-08-25 15:33:56,843 autoreload 302 140453719366528 Watching for file changes with StatReloader
INFO 2025-08-25 15:34:05,519 autoreload 302 140453719366528 /app/mark_foot_backend/settings.py changed, reloading.
INFO 2025-08-25 15:34:06,534 autoreload 310 139824350018432 Watching for file changes with StatReloader
INFO 2025-08-25 15:35:54,276 autoreload 310 139824350018432 /app/mark_foot_backend/urls.py changed, reloading.
INFO 2025-08-25 15:35:55,280 autoreload 312 139984828586880 Watching for file changes with StatReloader
INFO 2025-08-25 15:36:25,562 autoreload 312 139984828586880 /app/mark_foot_backend/settings.py changed, reloading.
INFO 2025-08-25 15:36:26,589 autoreload 314 139912912337792 Watching for file changes with StatReloader
INFO 2025-08-25 15:36:41,413 autoreload 314 139912912337792 /app/mark_foot_backend/settings.py changed, reloading.
INFO 2025-08-25 15:36:42,403 autoreload 322 139747807513472 Watching for file changes with StatReloader
INFO 2025-08-25 15:37:14,732 basehttp 322 139747746293440 "GET /api/docs/?id=d0adc114-0d65-4e32-bb51-62593f2d52b4&vscodeBrowserReqId=1756147034701 HTTP/1.1" 200 4646
WARNING 2025-08-25 15:37:29,327 log 322 139747736835776 Unauthorized: /api/v1/dashboard/stats/
WARNING 2025-08-25 15:37:29,328 basehttp 322 139747736835776 "GET /api/v1/dashboard/stats/ HTTP/1.1" 401 68
INFO 2025-08-25 15:37:42,589 autoreload 322 139747807513472 /app/api/views.py changed, reloading.
INFO 2025-08-25 15:37:43,602 autoreload 338 139890068380544 Watching for file changes with StatReloader
INFO 2025-08-25 15:37:53,730 basehttp 338 139890007160512 "GET /api/v1/dashboard/stats/ HTTP/1.1" 200 129
INFO 2025-08-25 15:38:33,345 autoreload 338 139890068380544 /app/api/views.py changed, reloading.
INFO 2025-08-25 15:38:34,362 autoreload 341 139801104661376 Watching for file changes with StatReloader
WARNING 2025-08-25 15:38:36,170 log 341 139800975767232 Unauthorized: /api/v1/teams/
WARNING 2025-08-25 15:38:36,171 basehttp 341 139800975767232 "GET /api/v1/teams/ HTTP/1.1" 401 68
INFO 2025-08-25 15:38:47,900 basehttp 341 139800975767232 "POST /api/v1/auth/login/ HTTP/1.1" 200 489
INFO 2025-08-25 15:39:00,015 basehttp 341 139800975767232 "POST /api/v1/auth/login/ HTTP/1.1" 200 489
INFO 2025-08-25 15:39:00,064 basehttp 341 139800975767232 "GET /api/v1/teams/ HTTP/1.1" 200 25938
INFO 2025-08-25 15:50:00,874 basehttp 341 139800975767232 "GET /api/v1/dashboard/stats/ HTTP/1.1" 200 129
INFO 2025-08-25 15:50:00,950 basehttp 341 139800966325952 "GET /api/v1/dashboard/recent_matches/ HTTP/1.1" 200 2
INFO 2025-08-25 15:50:00,951 basehttp 341 139800957933248 "GET /api/v1/dashboard/top_scorers/ HTTP/1.1" 200 2
INFO 2025-08-25 15:50:49,239 basehttp 341 139800941147840 "GET /api/v1/dashboard/recent_matches/ HTTP/1.1" 200 2
INFO 2025-08-25 15:50:49,242 basehttp 341 139800932755136 "GET /api/v1/dashboard/top_scorers/ HTTP/1.1" 200 2
INFO 2025-08-25 15:50:49,242 basehttp 341 139800949540544 "GET /api/v1/dashboard/stats/ HTTP/1.1" 200 129
WARNING 2025-08-25 15:50:55,337 log 341 139800949540544 Unauthorized: /api/v1/teams/
WARNING 2025-08-25 15:50:55,338 log 341 139800932755136 Unauthorized: /api/v1/areas/
WARNING 2025-08-25 15:50:55,338 basehttp 341 139800949540544 "GET /api/v1/teams/ HTTP/1.1" 401 68
WARNING 2025-08-25 15:50:55,338 basehttp 341 139800932755136 "GET /api/v1/areas/ HTTP/1.1" 401 68
INFO 2025-08-25 15:51:07,242 basehttp 341 139800941147840 "GET /api/v1/dashboard/top_scorers/ HTTP/1.1" 200 2
INFO 2025-08-25 15:51:07,242 basehttp 341 139800949540544 "GET /api/v1/dashboard/recent_matches/ HTTP/1.1" 200 2
INFO 2025-08-25 15:51:07,245 basehttp 341 139800932755136 "GET /api/v1/dashboard/stats/ HTTP/1.1" 200 129
INFO 2025-08-25 15:51:23,163 basehttp 341 139800932755136 "GET /api/v1/dashboard/recent_matches/ HTTP/1.1" 200 2
INFO 2025-08-25 15:59:39,792 basehttp 341 139800941147840 "GET /api/v1/dashboard/recent_matches/ HTTP/1.1" 200 2
INFO 2025-08-25 15:59:39,794 basehttp 341 139800949540544 "GET /api/v1/dashboard/top_scorers/ HTTP/1.1" 200 2
INFO 2025-08-25 15:59:39,795 basehttp 341 139800932755136 "GET /api/v1/dashboard/stats/ HTTP/1.1" 200 129
INFO 2025-08-25 16:01:52,868 basehttp 341 139800949540544 "GET /api/v1/dashboard/recent_matches/ HTTP/1.1" 200 2
INFO 2025-08-25 16:01:52,869 basehttp 341 139800941147840 "GET /api/v1/dashboard/top_scorers/ HTTP/1.1" 200 2
INFO 2025-08-25 16:01:52,870 basehttp 341 139800932755136 "GET /api/v1/dashboard/stats/ HTTP/1.1" 200 129
INFO 2025-08-25 16:16:15,435 basehttp 341 139800975767232 "OPTIONS /api/v1/dashboard/stats/ HTTP/1.1" 200 0
INFO 2025-08-25 16:16:15,437 basehttp 341 139800966325952 "OPTIONS /api/v1/dashboard/recent_matches/ HTTP/1.1" 200 0
INFO 2025-08-25 16:16:15,443 basehttp 341 139800957933248 "OPTIONS /api/v1/dashboard/top_scorers/ HTTP/1.1" 200 0
WARNING 2025-08-25 16:16:15,445 log 341 139800975767232 Unauthorized: /api/v1/dashboard/recent_matches/
WARNING 2025-08-25 16:16:15,446 log 341 139800966325952 Unauthorized: /api/v1/dashboard/stats/
WARNING 2025-08-25 16:16:15,448 log 341 139800957933248 Unauthorized: /api/v1/dashboard/top_scorers/
INFO 2025-08-25 16:16:15,448 basehttp 341 139800932755136 "OPTIONS /api/v1/matches/?limit=50 HTTP/1.1" 200 0
WARNING 2025-08-25 16:16:15,449 basehttp 341 139800975767232 "GET /api/v1/dashboard/recent_matches/ HTTP/1.1" 401 197
WARNING 2025-08-25 16:16:15,449 basehttp 341 139800966325952 "GET /api/v1/dashboard/stats/ HTTP/1.1" 401 197
WARNING 2025-08-25 16:16:15,450 basehttp 341 139800957933248 "GET /api/v1/dashboard/top_scorers/ HTTP/1.1" 401 197
WARNING 2025-08-25 16:16:15,451 log 341 139800932755136 Unauthorized: /api/v1/matches/
WARNING 2025-08-25 16:16:15,452 basehttp 341 139800932755136 "GET /api/v1/matches/?limit=50 HTTP/1.1" 401 197
INFO 2025-08-25 16:16:27,689 basehttp 341 139800957933248 "OPTIONS /api/v1/teams/ HTTP/1.1" 200 0
INFO 2025-08-25 16:16:27,689 basehttp 341 139800932755136 "OPTIONS /api/v1/areas/ HTTP/1.1" 200 0
WARNING 2025-08-25 16:16:27,692 log 341 139800932755136 Unauthorized: /api/v1/teams/
WARNING 2025-08-25 16:16:27,693 log 341 139800957933248 Unauthorized: /api/v1/areas/
WARNING 2025-08-25 16:16:27,693 basehttp 341 139800932755136 "GET /api/v1/teams/ HTTP/1.1" 401 197
WARNING 2025-08-25 16:16:27,693 basehttp 341 139800957933248 "GET /api/v1/areas/ HTTP/1.1" 401 197
WARNING 2025-08-25 16:16:31,225 log 341 139800957933248 Unauthorized: /api/v1/teams/
INFO 2025-08-25 16:16:31,226 basehttp 341 139800932755136 "OPTIONS /api/v1/players/ HTTP/1.1" 200 0
WARNING 2025-08-25 16:16:31,226 basehttp 341 139800957933248 "GET /api/v1/teams/ HTTP/1.1" 401 197
WARNING 2025-08-25 16:16:31,228 log 341 139800932755136 Unauthorized: /api/v1/players/
WARNING 2025-08-25 16:16:31,228 basehttp 341 139800932755136 "GET /api/v1/players/ HTTP/1.1" 401 197
WARNING 2025-08-25 16:16:33,494 log 341 139800975767232 Unauthorized: /api/v1/teams/
INFO 2025-08-25 16:16:33,494 basehttp 341 139800932755136 "OPTIONS /api/v1/matches/ HTTP/1.1" 200 0
INFO 2025-08-25 16:16:33,494 basehttp 341 139800957933248 "OPTIONS /api/v1/competitions/ HTTP/1.1" 200 0
WARNING 2025-08-25 16:16:33,495 basehttp 341 139800975767232 "GET /api/v1/teams/ HTTP/1.1" 401 197
WARNING 2025-08-25 16:16:33,497 log 341 139800957933248 Unauthorized: /api/v1/matches/
WARNING 2025-08-25 16:16:33,497 log 341 139800932755136 Unauthorized: /api/v1/competitions/
WARNING 2025-08-25 16:16:33,498 basehttp 341 139800957933248 "GET /api/v1/matches/ HTTP/1.1" 401 197
WARNING 2025-08-25 16:16:33,498 basehttp 341 139800932755136 "GET /api/v1/competitions/ HTTP/1.1" 401 197
WARNING 2025-08-25 16:16:37,979 log 341 139800957933248 Unauthorized: /api/v1/competitions/
WARNING 2025-08-25 16:16:37,980 basehttp 341 139800957933248 "GET /api/v1/competitions/ HTTP/1.1" 401 197
WARNING 2025-08-25 16:16:41,907 log 341 139800957933248 Unauthorized: /api/v1/dashboard/stats/
WARNING 2025-08-25 16:16:41,908 log 341 139800932755136 Unauthorized: /api/v1/dashboard/recent_matches/
WARNING 2025-08-25 16:16:41,909 log 341 139800975767232 Unauthorized: /api/v1/dashboard/top_scorers/
WARNING 2025-08-25 16:16:41,911 log 341 139800966325952 Unauthorized: /api/v1/matches/
WARNING 2025-08-25 16:16:41,912 basehttp 341 139800957933248 "GET /api/v1/dashboard/stats/ HTTP/1.1" 401 197
WARNING 2025-08-25 16:16:41,913 basehttp 341 139800932755136 "GET /api/v1/dashboard/recent_matches/ HTTP/1.1" 401 197
WARNING 2025-08-25 16:16:41,914 basehttp 341 139800975767232 "GET /api/v1/dashboard/top_scorers/ HTTP/1.1" 401 197
WARNING 2025-08-25 16:16:41,915 basehttp 341 139800966325952 "GET /api/v1/matches/?limit=50 HTTP/1.1" 401 197
WARNING 2025-08-25 16:16:46,133 log 341 139800966325952 Unauthorized: /api/v1/teams/
WARNING 2025-08-25 16:16:46,134 log 341 139800975767232 Unauthorized: /api/v1/areas/
WARNING 2025-08-25 16:16:46,134 basehttp 341 139800966325952 "GET /api/v1/teams/ HTTP/1.1" 401 197
WARNING 2025-08-25 16:16:46,135 basehttp 341 139800975767232 "GET /api/v1/areas/ HTTP/1.1" 401 197
WARNING 2025-08-25 16:16:48,123 log 341 139800975767232 Unauthorized: /api/v1/dashboard/stats/
WARNING 2025-08-25 16:16:48,124 log 341 139800966325952 Unauthorized: /api/v1/dashboard/recent_matches/
WARNING 2025-08-25 16:16:48,125 log 341 139800932755136 Unauthorized: /api/v1/dashboard/top_scorers/
WARNING 2025-08-25 16:16:48,127 log 341 139800957933248 Unauthorized: /api/v1/matches/
WARNING 2025-08-25 16:16:48,127 basehttp 341 139800975767232 "GET /api/v1/dashboard/stats/ HTTP/1.1" 401 197
WARNING 2025-08-25 16:16:48,127 basehttp 341 139800966325952 "GET /api/v1/dashboard/recent_matches/ HTTP/1.1" 401 197
WARNING 2025-08-25 16:16:48,128 basehttp 341 139800932755136 "GET /api/v1/dashboard/top_scorers/ HTTP/1.1" 401 197
WARNING 2025-08-25 16:16:48,129 basehttp 341 139800957933248 "GET /api/v1/matches/?limit=50 HTTP/1.1" 401 197
WARNING 2025-08-25 16:24:54,452 log 341 139800975767232 Unauthorized: /api/v1/teams/
WARNING 2025-08-25 16:24:54,453 basehttp 341 139800975767232 "GET /api/v1/teams/ HTTP/1.1" 401 68
INFO 2025-08-25 16:25:17,683 basehttp 341 139800975767232 "GET /api/v1/dashboard/stats/ HTTP/1.1" 200 129
INFO 2025-08-25 16:25:35,189 basehttp 341 139800975767232 "POST /api/v1/auth/login/ HTTP/1.1" 200 489
WARNING 2025-08-25 16:25:51,413 log 341 139800957933248 Unauthorized: /api/v1/dashboard/stats/
WARNING 2025-08-25 16:25:51,415 log 341 139800966325952 Unauthorized: /api/v1/dashboard/recent_matches/
WARNING 2025-08-25 16:25:51,416 log 341 139800932755136 Unauthorized: /api/v1/dashboard/top_scorers/
WARNING 2025-08-25 16:25:51,548 log 341 139800949540544 Unauthorized: /api/v1/matches/
WARNING 2025-08-25 16:25:51,549 basehttp 341 139800966325952 "GET /api/v1/dashboard/recent_matches/ HTTP/1.1" 401 197
WARNING 2025-08-25 16:25:51,549 basehttp 341 139800957933248 "GET /api/v1/dashboard/stats/ HTTP/1.1" 401 197
WARNING 2025-08-25 16:25:51,549 basehttp 341 139800932755136 "GET /api/v1/dashboard/top_scorers/ HTTP/1.1" 401 197
WARNING 2025-08-25 16:25:51,550 basehttp 341 139800949540544 "GET /api/v1/matches/?limit=50 HTTP/1.1" 401 197
WARNING 2025-08-25 16:26:02,227 log 341 139800949540544 Unauthorized: /api/v1/dashboard/stats/
WARNING 2025-08-25 16:26:02,228 log 341 139800932755136 Unauthorized: /api/v1/dashboard/recent_matches/
WARNING 2025-08-25 16:26:02,229 log 341 139800966325952 Unauthorized: /api/v1/dashboard/top_scorers/
WARNING 2025-08-25 16:26:02,230 log 341 139800957933248 Unauthorized: /api/v1/matches/
WARNING 2025-08-25 16:26:02,230 basehttp 341 139800949540544 "GET /api/v1/dashboard/stats/ HTTP/1.1" 401 197
WARNING 2025-08-25 16:26:02,231 basehttp 341 139800932755136 "GET /api/v1/dashboard/recent_matches/ HTTP/1.1" 401 197
WARNING 2025-08-25 16:26:02,232 basehttp 341 139800966325952 "GET /api/v1/dashboard/top_scorers/ HTTP/1.1" 401 197
WARNING 2025-08-25 16:26:02,232 basehttp 341 139800957933248 "GET /api/v1/matches/?limit=50 HTTP/1.1" 401 197
WARNING 2025-08-25 16:26:11,249 log 341 139800957933248 Unauthorized: /api/v1/dashboard/stats/
WARNING 2025-08-25 16:26:11,250 log 341 139800966325952 Unauthorized: /api/v1/dashboard/recent_matches/
WARNING 2025-08-25 16:26:11,251 log 341 139800932755136 Unauthorized: /api/v1/dashboard/top_scorers/
WARNING 2025-08-25 16:26:11,252 log 341 139800949540544 Unauthorized: /api/v1/matches/
WARNING 2025-08-25 16:26:11,253 basehttp 341 139800957933248 "GET /api/v1/dashboard/stats/ HTTP/1.1" 401 197
WARNING 2025-08-25 16:26:11,253 basehttp 341 139800966325952 "GET /api/v1/dashboard/recent_matches/ HTTP/1.1" 401 197
WARNING 2025-08-25 16:26:11,254 basehttp 341 139800932755136 "GET /api/v1/dashboard/top_scorers/ HTTP/1.1" 401 197
WARNING 2025-08-25 16:26:11,255 basehttp 341 139800949540544 "GET /api/v1/matches/?limit=50 HTTP/1.1" 401 197
INFO 2025-08-25 17:17:47,702 autoreload 72 140704214645632 Watching for file changes with StatReloader
INFO 2025-08-25 17:28:12,470 autoreload 72 140704214645632 /app/mark_foot_backend/settings.py changed, reloading.
INFO 2025-08-25 17:28:13,589 autoreload 74 140011002870656 Watching for file changes with StatReloader
INFO 2025-08-25 17:28:25,506 autoreload 74 140011002870656 /app/ai_analytics/admin.py changed, reloading.
INFO 2025-08-25 17:28:26,672 autoreload 76 140117774314368 Watching for file changes with StatReloader
INFO 2025-08-25 17:52:07,927 autoreload 76 140117774314368 /app/ai_analytics/models.py changed, reloading.
INFO 2025-08-25 17:52:09,030 autoreload 84 139795830905728 Watching for file changes with StatReloader
INFO 2025-08-25 17:52:16,923 autoreload 84 139795830905728 /app/ai_analytics/models.py changed, reloading.
INFO 2025-08-25 17:52:18,059 autoreload 86 140014989425536 Watching for file changes with StatReloader
INFO 2025-08-25 18:00:16,045 autoreload 86 140014989425536 /app/mark_foot_backend/urls.py changed, reloading.
INFO 2025-08-25 18:00:17,071 autoreload 337 139855761980288 Watching for file changes with StatReloader
INFO 2025-08-25 18:01:16,639 autoreload 337 139855761980288 /app/ai_analytics/views.py changed, reloading.
INFO 2025-08-25 18:01:17,785 autoreload 339 139940511415168 Watching for file changes with StatReloader
